<?xml version="1.0" encoding="UTF-8"?>
<!-- Generated by org.testng.reporters.JUnitReportReporter -->
<testsuite hostname="DESKTOP-LUMCGL2" name="gmail.Gmail" tests="1" failures="0" timestamp="2 Sep 2018 01:10:05 GMT" time="23.387" errors="0">
  <testcase name="chrometest" time="23.387" classname="gmail.Gmail"/>
</testsuite> <!-- gmail.Gmail -->
